/vast/palmer/scratch/turner/flg9/snakemake_workflows/pangenome_alignment/GitHub/pipelines/genome_annotation/seqs/TB/ERR025455.fa	seqs/TB/H37Rv.fa	99.9763	1470	1470
/vast/palmer/scratch/turner/flg9/snakemake_workflows/pangenome_alignment/GitHub/pipelines/genome_annotation/seqs/TB/ERR067660.fa	seqs/TB/H37Rv.fa	99.9578	1470	1470
/vast/palmer/scratch/turner/flg9/snakemake_workflows/pangenome_alignment/GitHub/pipelines/genome_annotation/seqs/TB/ERR108423.fa	seqs/TB/H37Rv.fa	99.9579	1470	1470
/vast/palmer/scratch/turner/flg9/snakemake_workflows/pangenome_alignment/GitHub/pipelines/genome_annotation/seqs/TB/ERR108430.fa	seqs/TB/H37Rv.fa	99.958	1470	1470
/vast/palmer/scratch/turner/flg9/snakemake_workflows/pangenome_alignment/GitHub/pipelines/genome_annotation/seqs/TB/ERR133985.fa	seqs/TB/H37Rv.fa	99.9746	1470	1470
/vast/palmer/scratch/turner/flg9/snakemake_workflows/pangenome_alignment/GitHub/pipelines/genome_annotation/seqs/TB/ERR137193.fa	seqs/TB/H37Rv.fa	99.9564	1470	1470
/vast/palmer/scratch/turner/flg9/snakemake_workflows/pangenome_alignment/GitHub/pipelines/genome_annotation/seqs/TB/ERR144577.fa	seqs/TB/H37Rv.fa	99.9584	1470	1470
/vast/palmer/scratch/turner/flg9/snakemake_workflows/pangenome_alignment/GitHub/pipelines/genome_annotation/seqs/TB/ERR161044.fa	seqs/TB/H37Rv.fa	99.9297	1470	1470
/vast/palmer/scratch/turner/flg9/snakemake_workflows/pangenome_alignment/GitHub/pipelines/genome_annotation/seqs/TB/ERR163962.fa	seqs/TB/H37Rv.fa	99.9377	1470	1470
/vast/palmer/scratch/turner/flg9/snakemake_workflows/pangenome_alignment/GitHub/pipelines/genome_annotation/seqs/TB/ERR164005.fa	seqs/TB/H37Rv.fa	99.9376	1470	1470
/vast/palmer/scratch/turner/flg9/snakemake_workflows/pangenome_alignment/GitHub/pipelines/genome_annotation/seqs/TB/ERR176752.fa	seqs/TB/H37Rv.fa	99.9753	1470	1470
/vast/palmer/scratch/turner/flg9/snakemake_workflows/pangenome_alignment/GitHub/pipelines/genome_annotation/seqs/TB/ERR176828.fa	seqs/TB/H37Rv.fa	99.9747	1470	1470
/vast/palmer/scratch/turner/flg9/snakemake_workflows/pangenome_alignment/GitHub/pipelines/genome_annotation/seqs/TB/ERR181435.fa	seqs/TB/H37Rv.fa	99.9387	1470	1470
/vast/palmer/scratch/turner/flg9/snakemake_workflows/pangenome_alignment/GitHub/pipelines/genome_annotation/seqs/TB/ERR212105.fa	seqs/TB/H37Rv.fa	99.9382	1470	1470
/vast/palmer/scratch/turner/flg9/snakemake_workflows/pangenome_alignment/GitHub/pipelines/genome_annotation/seqs/TB/ERR212146.fa	seqs/TB/H37Rv.fa	99.9572	1470	1470
/vast/palmer/scratch/turner/flg9/snakemake_workflows/pangenome_alignment/GitHub/pipelines/genome_annotation/seqs/TB/ERR228065.fa	seqs/TB/H37Rv.fa	99.9829	1470	1470
/vast/palmer/scratch/turner/flg9/snakemake_workflows/pangenome_alignment/GitHub/pipelines/genome_annotation/seqs/TB/ERR229952.fa	seqs/TB/H37Rv.fa	99.93	1470	1470
/vast/palmer/scratch/turner/flg9/snakemake_workflows/pangenome_alignment/GitHub/pipelines/genome_annotation/seqs/TB/ERR234150.fa	seqs/TB/H37Rv.fa	99.9402	1470	1470
/vast/palmer/scratch/turner/flg9/snakemake_workflows/pangenome_alignment/GitHub/pipelines/genome_annotation/seqs/TB/ERR234176.fa	seqs/TB/H37Rv.fa	99.9402	1470	1470
/vast/palmer/scratch/turner/flg9/snakemake_workflows/pangenome_alignment/GitHub/pipelines/genome_annotation/seqs/TB/ERR234181.fa	seqs/TB/H37Rv.fa	99.9582	1470	1470
/vast/palmer/scratch/turner/flg9/snakemake_workflows/pangenome_alignment/GitHub/pipelines/genome_annotation/seqs/TB/ERR234202.fa	seqs/TB/H37Rv.fa	99.9434	1470	1470
/vast/palmer/scratch/turner/flg9/snakemake_workflows/pangenome_alignment/GitHub/pipelines/genome_annotation/seqs/TB/ERR234234.fa	seqs/TB/H37Rv.fa	99.9604	1470	1470
/vast/palmer/scratch/turner/flg9/snakemake_workflows/pangenome_alignment/GitHub/pipelines/genome_annotation/seqs/TB/ERR234250.fa	seqs/TB/H37Rv.fa	99.9585	1470	1470
/vast/palmer/scratch/turner/flg9/snakemake_workflows/pangenome_alignment/GitHub/pipelines/genome_annotation/seqs/TB/ERR234256.fa	seqs/TB/H37Rv.fa	99.9592	1470	1470
/vast/palmer/scratch/turner/flg9/snakemake_workflows/pangenome_alignment/GitHub/pipelines/genome_annotation/seqs/TB/ERR234257.fa	seqs/TB/H37Rv.fa	99.934	1470	1470
/vast/palmer/scratch/turner/flg9/snakemake_workflows/pangenome_alignment/GitHub/pipelines/genome_annotation/seqs/TB/ERR234262.fa	seqs/TB/H37Rv.fa	99.9395	1470	1470
/vast/palmer/scratch/turner/flg9/snakemake_workflows/pangenome_alignment/GitHub/pipelines/genome_annotation/seqs/TB/ERR234263.fa	seqs/TB/H37Rv.fa	99.9592	1470	1470
/vast/palmer/scratch/turner/flg9/snakemake_workflows/pangenome_alignment/GitHub/pipelines/genome_annotation/seqs/TB/ERR275205.fa	seqs/TB/H37Rv.fa	99.9573	1470	1470
/vast/palmer/scratch/turner/flg9/snakemake_workflows/pangenome_alignment/GitHub/pipelines/genome_annotation/seqs/TB/ERR550946.fa	seqs/TB/H37Rv.fa	99.9605	1470	1470
/vast/palmer/scratch/turner/flg9/snakemake_workflows/pangenome_alignment/GitHub/pipelines/genome_annotation/seqs/TB/ERR551636.fa	seqs/TB/H37Rv.fa	99.961	1470	1470
/vast/palmer/scratch/turner/flg9/snakemake_workflows/pangenome_alignment/GitHub/pipelines/genome_annotation/seqs/TB/ERR551688.fa	seqs/TB/H37Rv.fa	99.9699	1470	1470
/vast/palmer/scratch/turner/flg9/snakemake_workflows/pangenome_alignment/GitHub/pipelines/genome_annotation/seqs/TB/ERR552787.fa	seqs/TB/H37Rv.fa	99.9592	1470	1470
/vast/palmer/scratch/turner/flg9/snakemake_workflows/pangenome_alignment/GitHub/pipelines/genome_annotation/seqs/TB/ERR553116.fa	seqs/TB/H37Rv.fa	99.9593	1470	1470
/vast/palmer/scratch/turner/flg9/snakemake_workflows/pangenome_alignment/GitHub/pipelines/genome_annotation/seqs/TB/H37Rv.fa	seqs/TB/H37Rv.fa	100	1470	1470
/vast/palmer/scratch/turner/flg9/snakemake_workflows/pangenome_alignment/GitHub/pipelines/genome_annotation/seqs/TB/NC_019950.fa	seqs/TB/H37Rv.fa	99.2723	1418	1477
/vast/palmer/scratch/turner/flg9/snakemake_workflows/pangenome_alignment/GitHub/pipelines/genome_annotation/seqs/TB/SRR1003103.fa	seqs/TB/H37Rv.fa	99.9618	1470	1470
/vast/palmer/scratch/turner/flg9/snakemake_workflows/pangenome_alignment/GitHub/pipelines/genome_annotation/seqs/TB/SRR1013560.fa	seqs/TB/H37Rv.fa	99.9613	1470	1470
/vast/palmer/scratch/turner/flg9/snakemake_workflows/pangenome_alignment/GitHub/pipelines/genome_annotation/seqs/TB/SRR1013572.fa	seqs/TB/H37Rv.fa	99.9608	1470	1470
/vast/palmer/scratch/turner/flg9/snakemake_workflows/pangenome_alignment/GitHub/pipelines/genome_annotation/seqs/TB/SRR1019139.fa	seqs/TB/H37Rv.fa	99.9408	1470	1470
/vast/palmer/scratch/turner/flg9/snakemake_workflows/pangenome_alignment/GitHub/pipelines/genome_annotation/seqs/TB/SRR1049712.fa	seqs/TB/H37Rv.fa	99.9596	1470	1470
/vast/palmer/scratch/turner/flg9/snakemake_workflows/pangenome_alignment/GitHub/pipelines/genome_annotation/seqs/TB/SRR1049733.fa	seqs/TB/H37Rv.fa	99.9598	1470	1470
/vast/palmer/scratch/turner/flg9/snakemake_workflows/pangenome_alignment/GitHub/pipelines/genome_annotation/seqs/TB/SRR1140570.fa	seqs/TB/H37Rv.fa	99.9572	1470	1470
/vast/palmer/scratch/turner/flg9/snakemake_workflows/pangenome_alignment/GitHub/pipelines/genome_annotation/seqs/TB/SRR1140718.fa	seqs/TB/H37Rv.fa	99.9375	1470	1470
/vast/palmer/scratch/turner/flg9/snakemake_workflows/pangenome_alignment/GitHub/pipelines/genome_annotation/seqs/TB/SRR1146282.fa	seqs/TB/H37Rv.fa	99.9614	1470	1470
/vast/palmer/scratch/turner/flg9/snakemake_workflows/pangenome_alignment/GitHub/pipelines/genome_annotation/seqs/TB/SRR1146373.fa	seqs/TB/H37Rv.fa	99.941	1470	1470
/vast/palmer/scratch/turner/flg9/snakemake_workflows/pangenome_alignment/GitHub/pipelines/genome_annotation/seqs/TB/SRR1163294.fa	seqs/TB/H37Rv.fa	99.9387	1470	1470
/vast/palmer/scratch/turner/flg9/snakemake_workflows/pangenome_alignment/GitHub/pipelines/genome_annotation/seqs/TB/SRR1166201.fa	seqs/TB/H37Rv.fa	99.9711	1470	1470
/vast/palmer/scratch/turner/flg9/snakemake_workflows/pangenome_alignment/GitHub/pipelines/genome_annotation/seqs/TB/SRR1166327.fa	seqs/TB/H37Rv.fa	99.9578	1470	1470
/vast/palmer/scratch/turner/flg9/snakemake_workflows/pangenome_alignment/GitHub/pipelines/genome_annotation/seqs/TB/SRR1167069.fa	seqs/TB/H37Rv.fa	99.959	1470	1470
/vast/palmer/scratch/turner/flg9/snakemake_workflows/pangenome_alignment/GitHub/pipelines/genome_annotation/seqs/TB/SRR1172044.fa	seqs/TB/H37Rv.fa	99.9764	1470	1470
/vast/palmer/scratch/turner/flg9/snakemake_workflows/pangenome_alignment/GitHub/pipelines/genome_annotation/seqs/TB/SRR1172130.fa	seqs/TB/H37Rv.fa	99.9767	1470	1470
/vast/palmer/scratch/turner/flg9/snakemake_workflows/pangenome_alignment/GitHub/pipelines/genome_annotation/seqs/TB/SRR1172231.fa	seqs/TB/H37Rv.fa	99.9603	1470	1470
/vast/palmer/scratch/turner/flg9/snakemake_workflows/pangenome_alignment/GitHub/pipelines/genome_annotation/seqs/TB/SRR1172856.fa	seqs/TB/H37Rv.fa	99.9574	1470	1470
/vast/palmer/scratch/turner/flg9/snakemake_workflows/pangenome_alignment/GitHub/pipelines/genome_annotation/seqs/TB/SRR1173388.fa	seqs/TB/H37Rv.fa	99.9381	1470	1470
/vast/palmer/scratch/turner/flg9/snakemake_workflows/pangenome_alignment/GitHub/pipelines/genome_annotation/seqs/TB/SRR1173445.fa	seqs/TB/H37Rv.fa	99.9592	1470	1470
/vast/palmer/scratch/turner/flg9/snakemake_workflows/pangenome_alignment/GitHub/pipelines/genome_annotation/seqs/TB/SRR1173615.fa	seqs/TB/H37Rv.fa	99.9738	1470	1470
/vast/palmer/scratch/turner/flg9/snakemake_workflows/pangenome_alignment/GitHub/pipelines/genome_annotation/seqs/TB/SRR1173640.fa	seqs/TB/H37Rv.fa	99.9591	1470	1470
/vast/palmer/scratch/turner/flg9/snakemake_workflows/pangenome_alignment/GitHub/pipelines/genome_annotation/seqs/TB/SRR1175079.fa	seqs/TB/H37Rv.fa	99.959	1470	1470
/vast/palmer/scratch/turner/flg9/snakemake_workflows/pangenome_alignment/GitHub/pipelines/genome_annotation/seqs/TB/SRR1175134.fa	seqs/TB/H37Rv.fa	99.958	1470	1470
/vast/palmer/scratch/turner/flg9/snakemake_workflows/pangenome_alignment/GitHub/pipelines/genome_annotation/seqs/TB/SRR1180462.fa	seqs/TB/H37Rv.fa	99.9441	1470	1470
/vast/palmer/scratch/turner/flg9/snakemake_workflows/pangenome_alignment/GitHub/pipelines/genome_annotation/seqs/TB/SRR1180491.fa	seqs/TB/H37Rv.fa	99.9622	1470	1470
/vast/palmer/scratch/turner/flg9/snakemake_workflows/pangenome_alignment/GitHub/pipelines/genome_annotation/seqs/TB/SRR1182985.fa	seqs/TB/H37Rv.fa	99.9643	1470	1470
/vast/palmer/scratch/turner/flg9/snakemake_workflows/pangenome_alignment/GitHub/pipelines/genome_annotation/seqs/TB/SRR1183039.fa	seqs/TB/H37Rv.fa	99.943	1470	1470
/vast/palmer/scratch/turner/flg9/snakemake_workflows/pangenome_alignment/GitHub/pipelines/genome_annotation/seqs/TB/SRR1183123.fa	seqs/TB/H37Rv.fa	99.9471	1470	1470
/vast/palmer/scratch/turner/flg9/snakemake_workflows/pangenome_alignment/GitHub/pipelines/genome_annotation/seqs/TB/SRR1184373.fa	seqs/TB/H37Rv.fa	99.9586	1470	1470
/vast/palmer/scratch/turner/flg9/snakemake_workflows/pangenome_alignment/GitHub/pipelines/genome_annotation/seqs/TB/SRR671749.fa	seqs/TB/H37Rv.fa	99.9764	1470	1470
/vast/palmer/scratch/turner/flg9/snakemake_workflows/pangenome_alignment/GitHub/pipelines/genome_annotation/seqs/TB/SRR671751.fa	seqs/TB/H37Rv.fa	99.9753	1470	1470
/vast/palmer/scratch/turner/flg9/snakemake_workflows/pangenome_alignment/GitHub/pipelines/genome_annotation/seqs/TB/SRR671753.fa	seqs/TB/H37Rv.fa	99.9618	1470	1470
/vast/palmer/scratch/turner/flg9/snakemake_workflows/pangenome_alignment/GitHub/pipelines/genome_annotation/seqs/TB/SRR671760.fa	seqs/TB/H37Rv.fa	99.9748	1470	1470
/vast/palmer/scratch/turner/flg9/snakemake_workflows/pangenome_alignment/GitHub/pipelines/genome_annotation/seqs/TB/SRR671767.fa	seqs/TB/H37Rv.fa	99.975	1470	1470
/vast/palmer/scratch/turner/flg9/snakemake_workflows/pangenome_alignment/GitHub/pipelines/genome_annotation/seqs/TB/SRR671790.fa	seqs/TB/H37Rv.fa	99.9757	1470	1470
/vast/palmer/scratch/turner/flg9/snakemake_workflows/pangenome_alignment/GitHub/pipelines/genome_annotation/seqs/TB/SRR833188.fa	seqs/TB/H37Rv.fa	99.9822	1470	1470
/vast/palmer/scratch/turner/flg9/snakemake_workflows/pangenome_alignment/GitHub/pipelines/genome_annotation/seqs/TB/SRR847778.fa	seqs/TB/H37Rv.fa	99.9739	1470	1470
/vast/palmer/scratch/turner/flg9/snakemake_workflows/pangenome_alignment/GitHub/pipelines/genome_annotation/seqs/TB/SRR847799.fa	seqs/TB/H37Rv.fa	99.9586	1470	1470
/vast/palmer/scratch/turner/flg9/snakemake_workflows/pangenome_alignment/GitHub/pipelines/genome_annotation/seqs/TB/SRR998654.fa	seqs/TB/H37Rv.fa	99.9328	1470	1470
