/vast/palmer/scratch/turner/flg9/snakemake_workflows/pangenome_alignment/GitHub/pipelines/genome_annotation/seqs/SP/AP023349.fasta	seqs/SP/NC_017592.fasta	92.5149	521	695
/vast/palmer/scratch/turner/flg9/snakemake_workflows/pangenome_alignment/GitHub/pipelines/genome_annotation/seqs/SP/GPSC10_reference.fasta	seqs/SP/NC_017592.fasta	98.6276	632	691
/vast/palmer/scratch/turner/flg9/snakemake_workflows/pangenome_alignment/GitHub/pipelines/genome_annotation/seqs/SP/GPSC11_reference.fasta	seqs/SP/NC_017592.fasta	98.6827	636	701
/vast/palmer/scratch/turner/flg9/snakemake_workflows/pangenome_alignment/GitHub/pipelines/genome_annotation/seqs/SP/GPSC13_reference.fasta	seqs/SP/NC_017592.fasta	98.64	632	688
/vast/palmer/scratch/turner/flg9/snakemake_workflows/pangenome_alignment/GitHub/pipelines/genome_annotation/seqs/SP/GPSC14_reference.fasta	seqs/SP/NC_017592.fasta	98.6438	626	699
/vast/palmer/scratch/turner/flg9/snakemake_workflows/pangenome_alignment/GitHub/pipelines/genome_annotation/seqs/SP/GPSC15_reference.fasta	seqs/SP/NC_017592.fasta	98.708	631	661
/vast/palmer/scratch/turner/flg9/snakemake_workflows/pangenome_alignment/GitHub/pipelines/genome_annotation/seqs/SP/GPSC16_reference.fasta	seqs/SP/NC_017592.fasta	98.5835	631	740
/vast/palmer/scratch/turner/flg9/snakemake_workflows/pangenome_alignment/GitHub/pipelines/genome_annotation/seqs/SP/GPSC17_reference.fasta	seqs/SP/NC_017592.fasta	98.7281	634	702
/vast/palmer/scratch/turner/flg9/snakemake_workflows/pangenome_alignment/GitHub/pipelines/genome_annotation/seqs/SP/GPSC18_reference.fasta	seqs/SP/NC_017592.fasta	98.3796	632	706
/vast/palmer/scratch/turner/flg9/snakemake_workflows/pangenome_alignment/GitHub/pipelines/genome_annotation/seqs/SP/GPSC19_reference.fasta	seqs/SP/NC_017592.fasta	98.6785	632	707
/vast/palmer/scratch/turner/flg9/snakemake_workflows/pangenome_alignment/GitHub/pipelines/genome_annotation/seqs/SP/GPSC1_reference.fasta	seqs/SP/NC_017592.fasta	98.66	630	704
/vast/palmer/scratch/turner/flg9/snakemake_workflows/pangenome_alignment/GitHub/pipelines/genome_annotation/seqs/SP/GPSC21_reference.fasta	seqs/SP/NC_017592.fasta	98.7021	625	701
/vast/palmer/scratch/turner/flg9/snakemake_workflows/pangenome_alignment/GitHub/pipelines/genome_annotation/seqs/SP/GPSC22_reference.fasta	seqs/SP/NC_017592.fasta	98.6834	631	695
/vast/palmer/scratch/turner/flg9/snakemake_workflows/pangenome_alignment/GitHub/pipelines/genome_annotation/seqs/SP/GPSC23_reference.fasta	seqs/SP/NC_017592.fasta	98.6517	646	746
/vast/palmer/scratch/turner/flg9/snakemake_workflows/pangenome_alignment/GitHub/pipelines/genome_annotation/seqs/SP/GPSC25_reference.fasta	seqs/SP/NC_017592.fasta	98.6051	646	709
/vast/palmer/scratch/turner/flg9/snakemake_workflows/pangenome_alignment/GitHub/pipelines/genome_annotation/seqs/SP/GPSC26_reference.fasta	seqs/SP/NC_017592.fasta	98.6729	643	719
/vast/palmer/scratch/turner/flg9/snakemake_workflows/pangenome_alignment/GitHub/pipelines/genome_annotation/seqs/SP/GPSC27_reference.fasta	seqs/SP/NC_017592.fasta	98.6684	628	720
/vast/palmer/scratch/turner/flg9/snakemake_workflows/pangenome_alignment/GitHub/pipelines/genome_annotation/seqs/SP/GPSC2_reference.fasta	seqs/SP/NC_017592.fasta	98.7369	642	703
/vast/palmer/scratch/turner/flg9/snakemake_workflows/pangenome_alignment/GitHub/pipelines/genome_annotation/seqs/SP/GPSC30_reference.fasta	seqs/SP/NC_017592.fasta	98.6247	630	704
/vast/palmer/scratch/turner/flg9/snakemake_workflows/pangenome_alignment/GitHub/pipelines/genome_annotation/seqs/SP/GPSC31_reference.fasta	seqs/SP/NC_017592.fasta	98.5882	631	695
/vast/palmer/scratch/turner/flg9/snakemake_workflows/pangenome_alignment/GitHub/pipelines/genome_annotation/seqs/SP/GPSC32_reference.fasta	seqs/SP/NC_017592.fasta	98.7333	628	684
/vast/palmer/scratch/turner/flg9/snakemake_workflows/pangenome_alignment/GitHub/pipelines/genome_annotation/seqs/SP/GPSC33_reference.fasta	seqs/SP/NC_017592.fasta	98.5588	635	687
/vast/palmer/scratch/turner/flg9/snakemake_workflows/pangenome_alignment/GitHub/pipelines/genome_annotation/seqs/SP/GPSC34_reference.fasta	seqs/SP/NC_017592.fasta	98.6495	630	684
/vast/palmer/scratch/turner/flg9/snakemake_workflows/pangenome_alignment/GitHub/pipelines/genome_annotation/seqs/SP/GPSC37_reference.fasta	seqs/SP/NC_017592.fasta	98.5758	635	711
/vast/palmer/scratch/turner/flg9/snakemake_workflows/pangenome_alignment/GitHub/pipelines/genome_annotation/seqs/SP/GPSC3_reference.fasta	seqs/SP/NC_017592.fasta	98.7605	637	710
/vast/palmer/scratch/turner/flg9/snakemake_workflows/pangenome_alignment/GitHub/pipelines/genome_annotation/seqs/SP/GPSC40_reference.fasta	seqs/SP/NC_017592.fasta	98.532	625	694
/vast/palmer/scratch/turner/flg9/snakemake_workflows/pangenome_alignment/GitHub/pipelines/genome_annotation/seqs/SP/GPSC43_reference.fasta	seqs/SP/NC_017592.fasta	98.8932	617	675
/vast/palmer/scratch/turner/flg9/snakemake_workflows/pangenome_alignment/GitHub/pipelines/genome_annotation/seqs/SP/GPSC47_reference.fasta	seqs/SP/NC_017592.fasta	98.4454	639	734
/vast/palmer/scratch/turner/flg9/snakemake_workflows/pangenome_alignment/GitHub/pipelines/genome_annotation/seqs/SP/GPSC4_reference.fasta	seqs/SP/NC_017592.fasta	98.6908	623	707
/vast/palmer/scratch/turner/flg9/snakemake_workflows/pangenome_alignment/GitHub/pipelines/genome_annotation/seqs/SP/GPSC5_reference.fasta	seqs/SP/NC_017592.fasta	98.6682	631	708
/vast/palmer/scratch/turner/flg9/snakemake_workflows/pangenome_alignment/GitHub/pipelines/genome_annotation/seqs/SP/GPSC6_reference.fasta	seqs/SP/NC_017592.fasta	98.7383	639	710
/vast/palmer/scratch/turner/flg9/snakemake_workflows/pangenome_alignment/GitHub/pipelines/genome_annotation/seqs/SP/GPSC7_reference.fasta	seqs/SP/NC_017592.fasta	98.6468	625	694
/vast/palmer/scratch/turner/flg9/snakemake_workflows/pangenome_alignment/GitHub/pipelines/genome_annotation/seqs/SP/GPSC8_reference.fasta	seqs/SP/NC_017592.fasta	98.6718	650	728
/vast/palmer/scratch/turner/flg9/snakemake_workflows/pangenome_alignment/GitHub/pipelines/genome_annotation/seqs/SP/GPSC9_reference.fasta	seqs/SP/NC_017592.fasta	98.5458	629	693
/vast/palmer/scratch/turner/flg9/snakemake_workflows/pangenome_alignment/GitHub/pipelines/genome_annotation/seqs/SP/NC_017592.fasta	seqs/SP/NC_017592.fasta	100	676	678
